2025-04-02 14:49:14.1177 INFO ReportProject.Api.Controllers.EmployeeController - Request received: GET /api/Employee
2025-04-02 14:49:14.1475 INFO ReportProject.Api.Controllers.EmployeeController - Getting all employees
2025-04-02 14:49:14.1497 INFO ReportProject.Service.Service.EmployeeService - Starting to retrieve all employees.
2025-04-02 14:49:15.7862 INFO ReportProject.Service.Service.EmployeeService - Successfully retrieved 6 employees from the database.
2025-04-02 14:49:23.5088 INFO ReportProject.Api.Controllers.EmployeeController - Request received: GET /api/Employee/10
2025-04-02 14:49:23.5244 INFO ReportProject.Service.Service.EmployeeService - Attempting to retrieve employee with ID: 10
2025-04-02 14:49:23.6310 WARN ReportProject.Service.Service.EmployeeService - Employee with ID 10 not found in the database.
2025-04-02 14:49:23.6310 WARN ReportProject.Api.Controllers.EmployeeController - Employee with ID 10 not found.
2025-04-02 14:49:29.6361 INFO ReportProject.Api.Controllers.ReportController - Getting all reports
2025-04-02 14:49:29.6481 INFO ReportProject.Service.Service.ReportService - Attempting to retrieve all reports.
2025-04-02 14:49:29.8591 INFO ReportProject.Service.Service.ReportService - Successfully retrieved 3 reports.
2025-04-03 00:55:17.9034 INFO ReportProject.Api.Controllers.EmployeeController - Request received: GET /api/Employee
2025-04-03 00:55:17.9147 INFO ReportProject.Api.Controllers.EmployeeController - Getting all employees
2025-04-03 00:55:17.9147 INFO ReportProject.Service.Service.EmployeeService - Starting to retrieve all employees.
2025-04-03 00:55:22.0430 INFO ReportProject.Service.Service.EmployeeService - Successfully retrieved 6 employees from the database.
2025-04-03 00:55:38.6169 INFO ReportProject.Api.Controllers.EmployeeController - Request received: GET /api/Employee/22
2025-04-03 00:55:38.6169 INFO ReportProject.Service.Service.EmployeeService - Attempting to retrieve employee with ID: 22
2025-04-03 00:55:38.7989 INFO ReportProject.Service.Service.EmployeeService - Successfully retrieved employee with ID 22 from the database.
2025-04-03 00:55:38.7989 INFO ReportProject.Api.Controllers.EmployeeController - Successfully retrieved employee with ID 22.
2025-04-03 00:59:39.6180 INFO ReportProject.Api.Controllers.EmployeeController - Request received: GET /api/Employee
2025-04-03 00:59:39.6180 INFO ReportProject.Api.Controllers.EmployeeController - Getting all employees
2025-04-03 00:59:39.6180 INFO ReportProject.Service.Service.EmployeeService - Starting to retrieve all employees.
2025-04-03 00:59:41.2059 INFO ReportProject.Service.Service.EmployeeService - Successfully retrieved 6 employees from the database.
2025-04-03 00:59:46.2754 INFO ReportProject.Api.Controllers.ReportController - Getting all reports
2025-04-03 00:59:46.2754 INFO ReportProject.Service.Service.ReportService - Attempting to retrieve all reports.
2025-04-03 00:59:46.3657 INFO ReportProject.Service.Service.ReportService - Successfully retrieved 3 reports.
2025-04-03 01:07:27.8124 INFO ReportProject.Api.Controllers.EmployeeController - Request received: GET /api/Employee
2025-04-03 01:07:27.8257 INFO ReportProject.Api.Controllers.EmployeeController - Getting all employees
2025-04-03 01:07:27.8257 INFO ReportProject.Service.Service.EmployeeService - Starting to retrieve all employees.
2025-04-03 01:07:29.8784 INFO ReportProject.Service.Service.EmployeeService - Successfully retrieved 6 employees from the database.
2025-04-03 01:07:47.1028 INFO ReportProject.Api.Controllers.EmployeeController - Request received: GET /api/Employee/55
2025-04-03 01:07:47.1028 INFO ReportProject.Service.Service.EmployeeService - Attempting to retrieve employee with ID: 55
2025-04-03 01:07:47.2618 WARN ReportProject.Service.Service.EmployeeService - Employee with ID 55 not found in the database.
2025-04-03 01:07:47.2618 WARN ReportProject.Api.Controllers.EmployeeController - Employee with ID 55 not found.
