2025-04-01 20:55:09.2119 DEBUG Microsoft.AspNetCore.Mvc.ModelBinding.ModelBinderFactory - Registered model binder providers, in the following order: Microsoft.AspNetCore.Mvc.ModelBinding.Binders.BinderTypeModelBinderProvider, Microsoft.AspNetCore.Mvc.ModelBinding.Binders.ServicesModelBinderProvider, Microsoft.AspNetCore.Mvc.ModelBinding.Binders.BodyModelBinderProvider, Microsoft.AspNetCore.Mvc.ModelBinding.Binders.HeaderModelBinderProvider, Microsoft.AspNetCore.Mvc.ModelBinding.Binders.FloatingPointTypeModelBinderProvider, Microsoft.AspNetCore.Mvc.ModelBinding.Binders.EnumTypeModelBinderProvider, Microsoft.AspNetCore.Mvc.ModelBinding.Binders.DateTimeModelBinderProvider, Microsoft.AspNetCore.Mvc.ModelBinding.Binders.SimpleTypeModelBinderProvider, Microsoft.AspNetCore.Mvc.ModelBinding.Binders.TryParseModelBinderProvider, Microsoft.AspNetCore.Mvc.ModelBinding.Binders.CancellationTokenModelBinderProvider, Microsoft.AspNetCore.Mvc.ModelBinding.Binders.ByteArrayModelBinderProvider, Microsoft.AspNetCore.Mvc.ModelBinding.Binders.FormFileModelBinderProvider, Microsoft.AspNetCore.Mvc.ModelBinding.Binders.FormCollectionModelBinderProvider, Microsoft.AspNetCore.Mvc.ModelBinding.Binders.KeyValuePairModelBinderProvider, Microsoft.AspNetCore.Mvc.ModelBinding.Binders.DictionaryModelBinderProvider, Microsoft.AspNetCore.Mvc.ModelBinding.Binders.ArrayModelBinderProvider, Microsoft.AspNetCore.Mvc.ModelBinding.Binders.CollectionModelBinderProvider, Microsoft.AspNetCore.Mvc.ModelBinding.Binders.ComplexObjectModelBinderProvider
2025-04-01 20:55:09.2786 DEBUG Microsoft.Extensions.Hosting.Internal.Host - Hosting starting
2025-04-01 20:55:09.4361 DEBUG Microsoft.AspNetCore.HostFiltering.HostFilteringMiddleware - Middleware configuration started with options: {AllowedHosts = *, AllowEmptyHosts = True, IncludeFailureMessage = True}
2025-04-01 20:55:09.4361 DEBUG Microsoft.AspNetCore.HostFiltering.HostFilteringMiddleware - Wildcard detected, all requests with hosts will be allowed.
2025-04-01 20:55:09.4577 INFO Microsoft.Hosting.Lifetime - Now listening on: http://localhost:5064
2025-04-01 20:55:09.4577 DEBUG Microsoft.AspNetCore.Hosting.Diagnostics - Loaded hosting startup assembly ReportProject.Api
2025-04-01 20:55:09.4577 DEBUG Microsoft.AspNetCore.Hosting.Diagnostics - Loaded hosting startup assembly Microsoft.WebTools.ApiEndpointDiscovery
2025-04-01 20:55:09.4577 DEBUG Microsoft.AspNetCore.Hosting.Diagnostics - Loaded hosting startup assembly Microsoft.AspNetCore.Watch.BrowserRefresh
2025-04-01 20:55:09.4577 DEBUG Microsoft.AspNetCore.Hosting.Diagnostics - Loaded hosting startup assembly Microsoft.WebTools.BrowserLink.Net
2025-04-01 20:55:09.4686 DEBUG Microsoft.AspNetCore.Mvc.ApiExplorer.ApiDescriptionGroupCollectionProvider - Executing API description provider 'EndpointMetadataApiDescriptionProvider' from assembly Microsoft.AspNetCore.Mvc.ApiExplorer v9.0.0.0.
2025-04-01 20:55:09.4686 DEBUG Microsoft.AspNetCore.Mvc.ApiExplorer.ApiDescriptionGroupCollectionProvider - Executing API description provider 'DefaultApiDescriptionProvider' from assembly Microsoft.AspNetCore.Mvc.ApiExplorer v9.0.0.0.
2025-04-01 20:55:09.5558 INFO Microsoft.Hosting.Lifetime - Application started. Press Ctrl+C to shut down.
2025-04-01 20:55:09.5618 INFO Microsoft.Hosting.Lifetime - Hosting environment: Development
2025-04-01 20:55:09.5618 INFO Microsoft.Hosting.Lifetime - Content root path: C:\תכנות\שנה ב\Dot Net\ReportProject1\ReportProject\ReportProject
2025-04-01 20:55:09.5618 DEBUG Microsoft.Extensions.Hosting.Internal.Host - Hosting started
2025-04-01 20:55:09.8987 DEBUG Microsoft.AspNetCore.Server.Kestrel.Transport.Sockets - Connection id "0HNBH8PC47VCP" received FIN.
2025-04-01 20:55:09.8987 DEBUG Microsoft.AspNetCore.Server.Kestrel.Transport.Sockets - Connection id "0HNBH8PC47VCO" received FIN.
2025-04-01 20:55:09.8987 DEBUG Microsoft.AspNetCore.Server.Kestrel.Connections - Connection id "0HNBH8PC47VCP" accepted.
2025-04-01 20:55:09.8987 DEBUG Microsoft.AspNetCore.Server.Kestrel.Connections - Connection id "0HNBH8PC47VCO" accepted.
2025-04-01 20:55:09.8987 DEBUG Microsoft.AspNetCore.Server.Kestrel.Connections - Connection id "0HNBH8PC47VCO" started.
2025-04-01 20:55:09.8987 DEBUG Microsoft.AspNetCore.Server.Kestrel.Connections - Connection id "0HNBH8PC47VCP" started.
2025-04-01 20:55:09.9087 DEBUG Microsoft.AspNetCore.Server.Kestrel.Connections - Connection id "0HNBH8PC47VCQ" accepted.
2025-04-01 20:55:09.9087 DEBUG Microsoft.AspNetCore.Server.Kestrel.Connections - Connection id "0HNBH8PC47VCQ" started.
2025-04-01 20:55:09.9087 DEBUG Microsoft.AspNetCore.Server.Kestrel.Connections - Connection id "0HNBH8PC47VCR" accepted.
2025-04-01 20:55:09.9087 DEBUG Microsoft.AspNetCore.Server.Kestrel.Connections - Connection id "0HNBH8PC47VCR" started.
2025-04-01 20:55:09.9204 DEBUG Microsoft.AspNetCore.Server.Kestrel.Transport.Sockets - Connection id "0HNBH8PC47VCO" sending FIN because: "The Socket transport's send loop completed gracefully."
2025-04-01 20:55:09.9204 DEBUG Microsoft.AspNetCore.Server.Kestrel.Transport.Sockets - Connection id "0HNBH8PC47VCP" sending FIN because: "The Socket transport's send loop completed gracefully."
2025-04-01 20:55:09.9204 DEBUG Microsoft.AspNetCore.Server.Kestrel.Connections - Connection id "0HNBH8PC47VCP" disconnecting.
2025-04-01 20:55:09.9204 DEBUG Microsoft.AspNetCore.Server.Kestrel.Connections - Connection id "0HNBH8PC47VCO" disconnecting.
2025-04-01 20:55:09.9204 DEBUG Microsoft.AspNetCore.Server.Kestrel.Connections - Connection id "0HNBH8PC47VCO" stopped.
2025-04-01 20:55:09.9204 DEBUG Microsoft.AspNetCore.Server.Kestrel.Connections - Connection id "0HNBH8PC47VCP" stopped.
2025-04-01 20:55:09.9435 INFO Microsoft.AspNetCore.Hosting.Diagnostics - Request starting HTTP/1.1 GET http://localhost:5064/swagger/index.html - - -
2025-04-01 20:55:10.0216 TRACE Microsoft.AspNetCore.HostFiltering.HostFilteringMiddleware - All hosts are allowed.
2025-04-01 20:55:10.0475 DEBUG Microsoft.AspNetCore.Routing.Matching.DfaMatcher - No candidates found for the request path '/swagger/index.html'
2025-04-01 20:55:10.0475 DEBUG Microsoft.AspNetCore.Routing.EndpointRoutingMiddleware - Request did not match any endpoints
2025-04-01 20:55:10.1381 DEBUG Microsoft.WebTools.BrowserLink.Net.BrowserLinkMiddleware - Response markup is scheduled to include Browser Link script injection.
2025-04-01 20:55:10.1404 DEBUG Microsoft.AspNetCore.Watch.BrowserRefresh.BrowserRefreshMiddleware - Response markup is scheduled to include browser refresh script injection.
2025-04-01 20:55:10.1572 DEBUG Microsoft.WebTools.BrowserLink.Net.BrowserLinkMiddleware - Response markup was updated to include Browser Link script injection.
2025-04-01 20:55:10.1572 DEBUG Microsoft.AspNetCore.Watch.BrowserRefresh.BrowserRefreshMiddleware - Response markup was updated to include browser refresh script injection.
2025-04-01 20:55:10.1572 DEBUG Microsoft.AspNetCore.Server.Kestrel.Connections - Connection id "0HNBH8PC47VCQ" completed keep alive response.
2025-04-01 20:55:10.1867 INFO Microsoft.AspNetCore.Hosting.Diagnostics - Request finished HTTP/1.1 GET http://localhost:5064/swagger/index.html - 200 - text/html;charset=utf-8 225.5478ms
2025-04-01 20:55:10.1867 INFO Microsoft.AspNetCore.Hosting.Diagnostics - Request starting HTTP/1.1 GET http://localhost:5064/swagger/index.js - - -
2025-04-01 20:55:10.1867 INFO Microsoft.AspNetCore.Hosting.Diagnostics - Request starting HTTP/1.1 GET http://localhost:5064/_vs/browserLink - - -
2025-04-01 20:55:10.1867 TRACE Microsoft.AspNetCore.HostFiltering.HostFilteringMiddleware - All hosts are allowed.
2025-04-01 20:55:10.1867 DEBUG Microsoft.AspNetCore.Routing.Matching.DfaMatcher - No candidates found for the request path '/swagger/index.js'
2025-04-01 20:55:10.1867 DEBUG Microsoft.AspNetCore.Routing.EndpointRoutingMiddleware - Request did not match any endpoints
2025-04-01 20:55:10.1867 DEBUG Microsoft.AspNetCore.Server.Kestrel.Connections - Connection id "0HNBH8PC47VCQ" completed keep alive response.
2025-04-01 20:55:10.2033 INFO Microsoft.AspNetCore.Hosting.Diagnostics - Request finished HTTP/1.1 GET http://localhost:5064/swagger/index.js - 200 - application/javascript;charset=utf-8 11.9931ms
2025-04-01 20:55:10.2033 INFO Microsoft.AspNetCore.Hosting.Diagnostics - Request starting HTTP/1.1 GET http://localhost:5064/_framework/aspnetcore-browser-refresh.js - - -
2025-04-01 20:55:10.2033 DEBUG Microsoft.AspNetCore.Server.Kestrel.Connections - Connection id "0HNBH8PC47VCQ" completed keep alive response.
2025-04-01 20:55:10.2033 INFO Microsoft.AspNetCore.Hosting.Diagnostics - Request finished HTTP/1.1 GET http://localhost:5064/_framework/aspnetcore-browser-refresh.js - 200 13786 application/javascript;+charset=utf-8 3.7654ms
2025-04-01 20:55:10.2316 DEBUG Microsoft.AspNetCore.Server.Kestrel.Connections - Connection id "0HNBH8PC47VCR" completed keep alive response.
2025-04-01 20:55:10.2316 INFO Microsoft.AspNetCore.Hosting.Diagnostics - Request finished HTTP/1.1 GET http://localhost:5064/_vs/browserLink - 200 - text/javascript;+charset=UTF-8 40.3591ms
2025-04-01 20:55:10.4302 INFO Microsoft.AspNetCore.Hosting.Diagnostics - Request starting HTTP/1.1 GET http://localhost:5064/swagger/v1/swagger.json - - -
2025-04-01 20:55:10.4302 TRACE Microsoft.AspNetCore.HostFiltering.HostFilteringMiddleware - All hosts are allowed.
2025-04-01 20:55:10.4302 DEBUG Microsoft.AspNetCore.Routing.Matching.DfaMatcher - No candidates found for the request path '/swagger/v1/swagger.json'
2025-04-01 20:55:10.4302 DEBUG Microsoft.AspNetCore.Routing.EndpointRoutingMiddleware - Request did not match any endpoints
2025-04-01 20:55:10.5970 DEBUG Microsoft.AspNetCore.Server.Kestrel.Connections - Connection id "0HNBH8PC47VCR" completed keep alive response.
2025-04-01 20:55:10.5970 INFO Microsoft.AspNetCore.Hosting.Diagnostics - Request finished HTTP/1.1 GET http://localhost:5064/swagger/v1/swagger.json - 200 - application/json;charset=utf-8 167.8955ms
2025-04-01 20:55:27.7759 INFO Microsoft.AspNetCore.Hosting.Diagnostics - Request starting HTTP/1.1 GET http://localhost:5064/api/Employee - - -
2025-04-01 20:55:27.7759 TRACE Microsoft.AspNetCore.HostFiltering.HostFilteringMiddleware - All hosts are allowed.
2025-04-01 20:55:27.7876 DEBUG Microsoft.AspNetCore.Routing.Matching.DfaMatcher - 1 candidate(s) found for the request path '/api/Employee'
2025-04-01 20:55:27.8029 DEBUG Microsoft.AspNetCore.Routing.Matching.DfaMatcher - Endpoint 'ReportProject.Api.Controllers.EmployeeController.Get (ReportProject.Api)' with route pattern 'api/Employee' is valid for the request path '/api/Employee'
2025-04-01 20:55:27.8029 DEBUG Microsoft.AspNetCore.Routing.EndpointRoutingMiddleware - Request matched endpoint 'ReportProject.Api.Controllers.EmployeeController.Get (ReportProject.Api)'
2025-04-01 20:55:27.8029 TRACE Microsoft.AspNetCore.Routing.EndpointRoutingMiddleware - The endpoint does not specify the IRequestSizeLimitMetadata.
2025-04-01 20:55:27.8146 DEBUG Microsoft.AspNetCore.StaticFiles.StaticFileMiddleware - Static files was skipped as the request already matched an endpoint.
2025-04-01 20:55:27.8146 WARN Microsoft.AspNetCore.HttpsPolicy.HttpsRedirectionMiddleware - Failed to determine the https port for redirect.
2025-04-01 20:55:27.8146 INFO Microsoft.AspNetCore.Routing.EndpointMiddleware - Executing endpoint 'ReportProject.Api.Controllers.EmployeeController.Get (ReportProject.Api)'
2025-04-01 20:55:27.8408 INFO Microsoft.AspNetCore.Mvc.Infrastructure.ControllerActionInvoker - Route matched with {action = "Get", controller = "Employee"}. Executing controller action with signature System.Threading.Tasks.Task`1[Microsoft.AspNetCore.Mvc.ActionResult`1[System.Collections.Generic.List`1[ReportProject.Core.DTOs.EmployeeGetDTO]]] Get() on controller ReportProject.Api.Controllers.EmployeeController (ReportProject.Api).
2025-04-01 20:55:27.8456 DEBUG Microsoft.AspNetCore.Mvc.Infrastructure.ControllerActionInvoker - Execution plan of authorization filters (in the following order): None
2025-04-01 20:55:27.8456 DEBUG Microsoft.AspNetCore.Mvc.Infrastructure.ControllerActionInvoker - Execution plan of resource filters (in the following order): None
2025-04-01 20:55:27.8456 DEBUG Microsoft.AspNetCore.Mvc.Infrastructure.ControllerActionInvoker - Execution plan of action filters (in the following order): Microsoft.AspNetCore.Mvc.ModelBinding.UnsupportedContentTypeFilter (Order: -3000), Microsoft.AspNetCore.Mvc.Infrastructure.ModelStateInvalidFilter (Order: -2000)
2025-04-01 20:55:27.8456 DEBUG Microsoft.AspNetCore.Mvc.Infrastructure.ControllerActionInvoker - Execution plan of exception filters (in the following order): None
2025-04-01 20:55:27.8456 DEBUG Microsoft.AspNetCore.Mvc.Infrastructure.ControllerActionInvoker - Execution plan of result filters (in the following order): Microsoft.AspNetCore.Mvc.Infrastructure.ClientErrorResultFilter (Order: -2000)
2025-04-01 20:55:27.8456 DEBUG Microsoft.AspNetCore.Mvc.Infrastructure.ControllerActionInvoker - Executing controller factory for controller ReportProject.Api.Controllers.EmployeeController (ReportProject.Api)
2025-04-01 20:55:28.0045 DEBUG Microsoft.AspNetCore.Mvc.Infrastructure.ControllerActionInvoker - Executed controller factory for controller ReportProject.Api.Controllers.EmployeeController (ReportProject.Api)
2025-04-01 20:55:28.0045 TRACE Microsoft.AspNetCore.Mvc.Infrastructure.ControllerActionInvoker - Action Filter: Before executing OnActionExecuting on filter Microsoft.AspNetCore.Mvc.ModelBinding.UnsupportedContentTypeFilter.
2025-04-01 20:55:28.0045 TRACE Microsoft.AspNetCore.Mvc.Infrastructure.ControllerActionInvoker - Action Filter: After executing OnActionExecuting on filter Microsoft.AspNetCore.Mvc.ModelBinding.UnsupportedContentTypeFilter.
2025-04-01 20:55:28.0045 TRACE Microsoft.AspNetCore.Mvc.Infrastructure.ControllerActionInvoker - Action Filter: Before executing OnActionExecuting on filter Microsoft.AspNetCore.Mvc.Infrastructure.ModelStateInvalidFilter.
2025-04-01 20:55:28.0045 TRACE Microsoft.AspNetCore.Mvc.Infrastructure.ControllerActionInvoker - Action Filter: After executing OnActionExecuting on filter Microsoft.AspNetCore.Mvc.Infrastructure.ModelStateInvalidFilter.
2025-04-01 20:55:28.0171 INFO Microsoft.AspNetCore.Mvc.Infrastructure.ControllerActionInvoker - Executing action method ReportProject.Api.Controllers.EmployeeController.Get (ReportProject.Api) - Validation state: Valid
2025-04-01 20:55:28.0171 INFO ReportProject.Api.Controllers.EmployeeController - Request received: GET /api/Employee
2025-04-01 20:55:28.0171 INFO ReportProject.Api.Controllers.EmployeeController - Getting all employees
2025-04-01 20:55:28.0171 INFO ReportProject.Service.Service.EmployeeService - Starting to retrieve all employees.
2025-04-01 20:55:29.6012 INFO ReportProject.Service.Service.EmployeeService - Successfully retrieved 5 employees from the database.
2025-04-01 20:55:29.6254 INFO Microsoft.AspNetCore.Mvc.Infrastructure.ControllerActionInvoker - Executed action method ReportProject.Api.Controllers.EmployeeController.Get (ReportProject.Api), returned result Microsoft.AspNetCore.Mvc.OkObjectResult in 1599.4267ms.
2025-04-01 20:55:29.6254 TRACE Microsoft.AspNetCore.Mvc.Infrastructure.ControllerActionInvoker - Action Filter: Before executing OnActionExecuted on filter Microsoft.AspNetCore.Mvc.Infrastructure.ModelStateInvalidFilter.
2025-04-01 20:55:29.6254 TRACE Microsoft.AspNetCore.Mvc.Infrastructure.ControllerActionInvoker - Action Filter: After executing OnActionExecuted on filter Microsoft.AspNetCore.Mvc.Infrastructure.ModelStateInvalidFilter.
2025-04-01 20:55:29.6254 TRACE Microsoft.AspNetCore.Mvc.Infrastructure.ControllerActionInvoker - Action Filter: Before executing OnActionExecuted on filter Microsoft.AspNetCore.Mvc.ModelBinding.UnsupportedContentTypeFilter.
2025-04-01 20:55:29.6254 TRACE Microsoft.AspNetCore.Mvc.Infrastructure.ControllerActionInvoker - Action Filter: After executing OnActionExecuted on filter Microsoft.AspNetCore.Mvc.ModelBinding.UnsupportedContentTypeFilter.
2025-04-01 20:55:29.6254 TRACE Microsoft.AspNetCore.Mvc.Infrastructure.ControllerActionInvoker - Result Filter: Before executing OnResultExecuting on filter Microsoft.AspNetCore.Mvc.Infrastructure.ClientErrorResultFilter.
2025-04-01 20:55:29.6254 TRACE Microsoft.AspNetCore.Mvc.Infrastructure.ControllerActionInvoker - Result Filter: After executing OnResultExecuting on filter Microsoft.AspNetCore.Mvc.Infrastructure.ClientErrorResultFilter.
2025-04-01 20:55:29.6254 TRACE Microsoft.AspNetCore.Mvc.Infrastructure.ControllerActionInvoker - Before executing action result Microsoft.AspNetCore.Mvc.OkObjectResult.
2025-04-01 20:55:29.6254 DEBUG Microsoft.AspNetCore.Mvc.Infrastructure.DefaultOutputFormatterSelector - List of registered output formatters, in the following order: Microsoft.AspNetCore.Mvc.Formatters.HttpNoContentOutputFormatter, Microsoft.AspNetCore.Mvc.Formatters.StringOutputFormatter, Microsoft.AspNetCore.Mvc.Formatters.StreamOutputFormatter, Microsoft.AspNetCore.Mvc.Formatters.SystemTextJsonOutputFormatter
2025-04-01 20:55:29.6401 DEBUG Microsoft.AspNetCore.Mvc.Infrastructure.DefaultOutputFormatterSelector - Attempting to select an output formatter based on Accept header 'text/plain'.
2025-04-01 20:55:29.6401 DEBUG Microsoft.AspNetCore.Mvc.Infrastructure.DefaultOutputFormatterSelector - Could not find an output formatter based on content negotiation. Accepted types were (text/plain)
2025-04-01 20:55:29.6401 DEBUG Microsoft.AspNetCore.Mvc.Infrastructure.DefaultOutputFormatterSelector - Attempting to select an output formatter without using a content type as no explicit content types were specified for the response.
2025-04-01 20:55:29.6401 DEBUG Microsoft.AspNetCore.Mvc.Infrastructure.DefaultOutputFormatterSelector - Attempting to select the first formatter in the output formatters list which can write the result.
2025-04-01 20:55:29.6401 DEBUG Microsoft.AspNetCore.Mvc.Infrastructure.DefaultOutputFormatterSelector - Selected output formatter 'Microsoft.AspNetCore.Mvc.Formatters.SystemTextJsonOutputFormatter' and content type 'application/json' to write the response.
2025-04-01 20:55:29.6401 INFO Microsoft.AspNetCore.Mvc.Infrastructure.ObjectResultExecutor - Executing OkObjectResult, writing value of type 'System.Collections.Generic.List`1[[ReportProject.Core.DTOs.EmployeeGetDTO, ReportProject.Core, Version=1.0.0.0, Culture=neutral, PublicKeyToken=null]]'.
2025-04-01 20:55:29.6736 TRACE Microsoft.AspNetCore.Mvc.Infrastructure.ControllerActionInvoker - After executing action result Microsoft.AspNetCore.Mvc.OkObjectResult.
2025-04-01 20:55:29.6736 TRACE Microsoft.AspNetCore.Mvc.Infrastructure.ControllerActionInvoker - Result Filter: Before executing OnResultExecuted on filter Microsoft.AspNetCore.Mvc.Infrastructure.ClientErrorResultFilter.
2025-04-01 20:55:29.6736 TRACE Microsoft.AspNetCore.Mvc.Infrastructure.ControllerActionInvoker - Result Filter: After executing OnResultExecuted on filter Microsoft.AspNetCore.Mvc.Infrastructure.ClientErrorResultFilter.
2025-04-01 20:55:29.6736 INFO Microsoft.AspNetCore.Mvc.Infrastructure.ControllerActionInvoker - Executed action ReportProject.Api.Controllers.EmployeeController.Get (ReportProject.Api) in 1827.5581ms
2025-04-01 20:55:29.6736 INFO Microsoft.AspNetCore.Routing.EndpointMiddleware - Executed endpoint 'ReportProject.Api.Controllers.EmployeeController.Get (ReportProject.Api)'
2025-04-01 20:55:29.6879 DEBUG Microsoft.AspNetCore.Server.Kestrel.Connections - Connection id "0HNBH8PC47VCR" completed keep alive response.
2025-04-01 20:55:29.6879 INFO Microsoft.AspNetCore.Hosting.Diagnostics - Request finished HTTP/1.1 GET http://localhost:5064/api/Employee - 200 - application/json;+charset=utf-8 1924.0674ms
2025-04-01 20:55:41.5124 INFO Microsoft.AspNetCore.Hosting.Diagnostics - Request starting HTTP/1.1 GET http://localhost:5064/api/Employee/6 - - -
2025-04-01 20:55:41.5142 TRACE Microsoft.AspNetCore.HostFiltering.HostFilteringMiddleware - All hosts are allowed.
2025-04-01 20:55:41.5142 DEBUG Microsoft.AspNetCore.Routing.Matching.DfaMatcher - 1 candidate(s) found for the request path '/api/Employee/6'
2025-04-01 20:55:41.5142 DEBUG Microsoft.AspNetCore.Routing.Matching.DfaMatcher - Endpoint 'ReportProject.Api.Controllers.EmployeeController.Get (ReportProject.Api)' with route pattern 'api/Employee/{id}' is valid for the request path '/api/Employee/6'
2025-04-01 20:55:41.5142 DEBUG Microsoft.AspNetCore.Routing.EndpointRoutingMiddleware - Request matched endpoint 'ReportProject.Api.Controllers.EmployeeController.Get (ReportProject.Api)'
2025-04-01 20:55:41.5142 TRACE Microsoft.AspNetCore.Routing.EndpointRoutingMiddleware - The endpoint does not specify the IRequestSizeLimitMetadata.
2025-04-01 20:55:41.5142 DEBUG Microsoft.AspNetCore.StaticFiles.StaticFileMiddleware - Static files was skipped as the request already matched an endpoint.
2025-04-01 20:55:41.5142 INFO Microsoft.AspNetCore.Routing.EndpointMiddleware - Executing endpoint 'ReportProject.Api.Controllers.EmployeeController.Get (ReportProject.Api)'
2025-04-01 20:55:41.5469 INFO Microsoft.AspNetCore.Mvc.Infrastructure.ControllerActionInvoker - Route matched with {action = "Get", controller = "Employee"}. Executing controller action with signature System.Threading.Tasks.Task`1[Microsoft.AspNetCore.Mvc.ActionResult`1[ReportProject.Core.DTOs.EmployeeGetDTO]] Get(Int32) on controller ReportProject.Api.Controllers.EmployeeController (ReportProject.Api).
2025-04-01 20:55:41.5469 DEBUG Microsoft.AspNetCore.Mvc.Infrastructure.ControllerActionInvoker - Execution plan of authorization filters (in the following order): None
2025-04-01 20:55:41.5469 DEBUG Microsoft.AspNetCore.Mvc.Infrastructure.ControllerActionInvoker - Execution plan of resource filters (in the following order): None
2025-04-01 20:55:41.5469 DEBUG Microsoft.AspNetCore.Mvc.Infrastructure.ControllerActionInvoker - Execution plan of action filters (in the following order): Microsoft.AspNetCore.Mvc.ModelBinding.UnsupportedContentTypeFilter (Order: -3000), Microsoft.AspNetCore.Mvc.Infrastructure.ModelStateInvalidFilter (Order: -2000)
2025-04-01 20:55:41.5469 DEBUG Microsoft.AspNetCore.Mvc.Infrastructure.ControllerActionInvoker - Execution plan of exception filters (in the following order): None
2025-04-01 20:55:41.5469 DEBUG Microsoft.AspNetCore.Mvc.Infrastructure.ControllerActionInvoker - Execution plan of result filters (in the following order): Microsoft.AspNetCore.Mvc.Infrastructure.ClientErrorResultFilter (Order: -2000)
2025-04-01 20:55:41.5469 DEBUG Microsoft.AspNetCore.Mvc.Infrastructure.ControllerActionInvoker - Executing controller factory for controller ReportProject.Api.Controllers.EmployeeController (ReportProject.Api)
2025-04-01 20:55:41.5654 DEBUG Microsoft.AspNetCore.Mvc.Infrastructure.ControllerActionInvoker - Executed controller factory for controller ReportProject.Api.Controllers.EmployeeController (ReportProject.Api)
2025-04-01 20:55:41.5654 DEBUG Microsoft.AspNetCore.Mvc.ModelBinding.ParameterBinder - Attempting to bind parameter 'id' of type 'System.Int32' ...
2025-04-01 20:55:41.5767 DEBUG Microsoft.AspNetCore.Mvc.ModelBinding.Binders.SimpleTypeModelBinder - Attempting to bind parameter 'id' of type 'System.Int32' using the name 'id' in request data ...
2025-04-01 20:55:41.5767 DEBUG Microsoft.AspNetCore.Mvc.ModelBinding.Binders.SimpleTypeModelBinder - Done attempting to bind parameter 'id' of type 'System.Int32'.
2025-04-01 20:55:41.5767 DEBUG Microsoft.AspNetCore.Mvc.ModelBinding.ParameterBinder - Done attempting to bind parameter 'id' of type 'System.Int32'.
2025-04-01 20:55:41.5767 DEBUG Microsoft.AspNetCore.Mvc.ModelBinding.ParameterBinder - Attempting to validate the bound parameter 'id' of type 'System.Int32' ...
2025-04-01 20:55:41.5767 DEBUG Microsoft.AspNetCore.Mvc.ModelBinding.ParameterBinder - Done attempting to validate the bound parameter 'id' of type 'System.Int32'.
2025-04-01 20:55:41.5767 TRACE Microsoft.AspNetCore.Mvc.Infrastructure.ControllerActionInvoker - Action Filter: Before executing OnActionExecuting on filter Microsoft.AspNetCore.Mvc.ModelBinding.UnsupportedContentTypeFilter.
2025-04-01 20:55:41.5767 TRACE Microsoft.AspNetCore.Mvc.Infrastructure.ControllerActionInvoker - Action Filter: After executing OnActionExecuting on filter Microsoft.AspNetCore.Mvc.ModelBinding.UnsupportedContentTypeFilter.
2025-04-01 20:55:41.5767 TRACE Microsoft.AspNetCore.Mvc.Infrastructure.ControllerActionInvoker - Action Filter: Before executing OnActionExecuting on filter Microsoft.AspNetCore.Mvc.Infrastructure.ModelStateInvalidFilter.
2025-04-01 20:55:41.5767 TRACE Microsoft.AspNetCore.Mvc.Infrastructure.ControllerActionInvoker - Action Filter: After executing OnActionExecuting on filter Microsoft.AspNetCore.Mvc.Infrastructure.ModelStateInvalidFilter.
2025-04-01 20:55:41.5767 INFO Microsoft.AspNetCore.Mvc.Infrastructure.ControllerActionInvoker - Executing action method ReportProject.Api.Controllers.EmployeeController.Get (ReportProject.Api) - Validation state: Valid
2025-04-01 20:55:41.5767 TRACE Microsoft.AspNetCore.Mvc.Infrastructure.ControllerActionInvoker - Executing action method ReportProject.Api.Controllers.EmployeeController.Get (ReportProject.Api) with arguments (6)
2025-04-01 20:55:41.5767 INFO ReportProject.Api.Controllers.EmployeeController - Request received: GET /api/Employee/6
2025-04-01 20:55:41.5941 INFO ReportProject.Service.Service.EmployeeService - Attempting to retrieve employee with ID: 6
2025-04-01 20:55:41.8684 INFO ReportProject.Service.Service.EmployeeService - Successfully retrieved employee with ID 6 from the database.
2025-04-01 20:55:41.8818 INFO ReportProject.Api.Controllers.EmployeeController - Successfully retrieved employee with ID 6.
2025-04-01 20:55:41.8818 INFO Microsoft.AspNetCore.Mvc.Infrastructure.ControllerActionInvoker - Executed action method ReportProject.Api.Controllers.EmployeeController.Get (ReportProject.Api), returned result Microsoft.AspNetCore.Mvc.OkObjectResult in 292.0803ms.
2025-04-01 20:55:41.8818 TRACE Microsoft.AspNetCore.Mvc.Infrastructure.ControllerActionInvoker - Action Filter: Before executing OnActionExecuted on filter Microsoft.AspNetCore.Mvc.Infrastructure.ModelStateInvalidFilter.
2025-04-01 20:55:41.8818 TRACE Microsoft.AspNetCore.Mvc.Infrastructure.ControllerActionInvoker - Action Filter: After executing OnActionExecuted on filter Microsoft.AspNetCore.Mvc.Infrastructure.ModelStateInvalidFilter.
2025-04-01 20:55:41.8818 TRACE Microsoft.AspNetCore.Mvc.Infrastructure.ControllerActionInvoker - Action Filter: Before executing OnActionExecuted on filter Microsoft.AspNetCore.Mvc.ModelBinding.UnsupportedContentTypeFilter.
2025-04-01 20:55:41.8948 TRACE Microsoft.AspNetCore.Mvc.Infrastructure.ControllerActionInvoker - Action Filter: After executing OnActionExecuted on filter Microsoft.AspNetCore.Mvc.ModelBinding.UnsupportedContentTypeFilter.
2025-04-01 20:55:41.8948 TRACE Microsoft.AspNetCore.Mvc.Infrastructure.ControllerActionInvoker - Result Filter: Before executing OnResultExecuting on filter Microsoft.AspNetCore.Mvc.Infrastructure.ClientErrorResultFilter.
2025-04-01 20:55:41.8948 TRACE Microsoft.AspNetCore.Mvc.Infrastructure.ControllerActionInvoker - Result Filter: After executing OnResultExecuting on filter Microsoft.AspNetCore.Mvc.Infrastructure.ClientErrorResultFilter.
2025-04-01 20:55:41.8948 TRACE Microsoft.AspNetCore.Mvc.Infrastructure.ControllerActionInvoker - Before executing action result Microsoft.AspNetCore.Mvc.OkObjectResult.
2025-04-01 20:55:41.8948 DEBUG Microsoft.AspNetCore.Mvc.Infrastructure.DefaultOutputFormatterSelector - List of registered output formatters, in the following order: Microsoft.AspNetCore.Mvc.Formatters.HttpNoContentOutputFormatter, Microsoft.AspNetCore.Mvc.Formatters.StringOutputFormatter, Microsoft.AspNetCore.Mvc.Formatters.StreamOutputFormatter, Microsoft.AspNetCore.Mvc.Formatters.SystemTextJsonOutputFormatter
2025-04-01 20:55:41.8948 DEBUG Microsoft.AspNetCore.Mvc.Infrastructure.DefaultOutputFormatterSelector - Attempting to select an output formatter based on Accept header 'text/plain'.
2025-04-01 20:55:41.8948 DEBUG Microsoft.AspNetCore.Mvc.Infrastructure.DefaultOutputFormatterSelector - Could not find an output formatter based on content negotiation. Accepted types were (text/plain)
2025-04-01 20:55:41.8948 DEBUG Microsoft.AspNetCore.Mvc.Infrastructure.DefaultOutputFormatterSelector - Attempting to select an output formatter without using a content type as no explicit content types were specified for the response.
2025-04-01 20:55:41.8948 DEBUG Microsoft.AspNetCore.Mvc.Infrastructure.DefaultOutputFormatterSelector - Attempting to select the first formatter in the output formatters list which can write the result.
2025-04-01 20:55:41.8948 DEBUG Microsoft.AspNetCore.Mvc.Infrastructure.DefaultOutputFormatterSelector - Selected output formatter 'Microsoft.AspNetCore.Mvc.Formatters.SystemTextJsonOutputFormatter' and content type 'application/json' to write the response.
2025-04-01 20:55:41.9092 INFO Microsoft.AspNetCore.Mvc.Infrastructure.ObjectResultExecutor - Executing OkObjectResult, writing value of type 'ReportProject.Core.DTOs.EmployeeGetDTO'.
2025-04-01 20:55:41.9092 TRACE Microsoft.AspNetCore.Mvc.Infrastructure.ControllerActionInvoker - After executing action result Microsoft.AspNetCore.Mvc.OkObjectResult.
2025-04-01 20:55:41.9092 TRACE Microsoft.AspNetCore.Mvc.Infrastructure.ControllerActionInvoker - Result Filter: Before executing OnResultExecuted on filter Microsoft.AspNetCore.Mvc.Infrastructure.ClientErrorResultFilter.
2025-04-01 20:55:41.9092 TRACE Microsoft.AspNetCore.Mvc.Infrastructure.ControllerActionInvoker - Result Filter: After executing OnResultExecuted on filter Microsoft.AspNetCore.Mvc.Infrastructure.ClientErrorResultFilter.
2025-04-01 20:55:41.9092 INFO Microsoft.AspNetCore.Mvc.Infrastructure.ControllerActionInvoker - Executed action ReportProject.Api.Controllers.EmployeeController.Get (ReportProject.Api) in 358.6831ms
2025-04-01 20:55:41.9092 INFO Microsoft.AspNetCore.Routing.EndpointMiddleware - Executed endpoint 'ReportProject.Api.Controllers.EmployeeController.Get (ReportProject.Api)'
2025-04-01 20:55:41.9092 DEBUG Microsoft.AspNetCore.Server.Kestrel.Connections - Connection id "0HNBH8PC47VCR" completed keep alive response.
2025-04-01 20:55:41.9092 INFO Microsoft.AspNetCore.Hosting.Diagnostics - Request finished HTTP/1.1 GET http://localhost:5064/api/Employee/6 - 200 - application/json;+charset=utf-8 407.2476ms
2025-04-01 20:57:21.6931 DEBUG Microsoft.AspNetCore.Server.Kestrel.Connections - Connection id "0HNBH8PC47VCQ" disconnecting.
2025-04-01 20:57:21.6931 DEBUG Microsoft.AspNetCore.Server.Kestrel.Connections - Connection id "0HNBH8PC47VCQ" stopped.
2025-04-01 20:57:21.6931 DEBUG Microsoft.AspNetCore.Server.Kestrel.Transport.Sockets - Connection id "0HNBH8PC47VCQ" sending FIN because: "The Socket transport's send loop completed gracefully."
2025-04-01 20:57:52.9389 DEBUG Microsoft.AspNetCore.Server.Kestrel.Connections - Connection id "0HNBH8PC47VCR" disconnecting.
2025-04-01 20:57:52.9389 DEBUG Microsoft.AspNetCore.Server.Kestrel.Connections - Connection id "0HNBH8PC47VCR" stopped.
2025-04-01 20:57:52.9389 DEBUG Microsoft.AspNetCore.Server.Kestrel.Transport.Sockets - Connection id "0HNBH8PC47VCR" sending FIN because: "The Socket transport's send loop completed gracefully."
2025-04-01 21:04:03.0776 INFO ReportProject.Api.Controllers.EmployeeController - Request received: GET /api/Employee
2025-04-01 21:04:03.1005 INFO ReportProject.Api.Controllers.EmployeeController - Getting all employees
2025-04-01 21:04:03.1005 INFO ReportProject.Service.Service.EmployeeService - Starting to retrieve all employees.
2025-04-01 21:04:04.8895 INFO ReportProject.Service.Service.EmployeeService - Successfully retrieved 5 employees from the database.
2025-04-01 21:04:07.7023 INFO ReportProject.Api.Controllers.EmployeeController - Request received: GET /api/Employee
2025-04-01 21:04:07.7023 INFO ReportProject.Api.Controllers.EmployeeController - Getting all employees
2025-04-01 21:04:07.7023 INFO ReportProject.Service.Service.EmployeeService - Starting to retrieve all employees.
2025-04-01 21:04:07.7968 INFO ReportProject.Service.Service.EmployeeService - Successfully retrieved 5 employees from the database.
2025-04-01 21:04:19.3906 INFO ReportProject.Api.Controllers.EmployeeController - Request received: GET /api/Employee/6
2025-04-01 21:04:19.3906 INFO ReportProject.Service.Service.EmployeeService - Attempting to retrieve employee with ID: 6
2025-04-01 21:04:19.6475 INFO ReportProject.Service.Service.EmployeeService - Successfully retrieved employee with ID 6 from the database.
2025-04-01 21:04:19.6475 INFO ReportProject.Api.Controllers.EmployeeController - Successfully retrieved employee with ID 6.
2025-04-01 21:05:51.9148 INFO ReportProject.Api.Controllers.EmployeeController - Request received: POST /api/Employee
2025-04-01 21:05:52.0800 INFO ReportProject.Service.Service.EmployeeService - Starting to create new employee
2025-04-01 21:05:52.8121 INFO ReportProject.Service.Service.EmployeeService - Successfully created employee with ID 25 in the database.
2025-04-01 21:05:52.8121 INFO ReportProject.Api.Controllers.EmployeeController - Successfully created employee with ID 25.
2025-04-01 21:05:58.9202 INFO ReportProject.Api.Controllers.EmployeeController - Request received: GET /api/Employee
2025-04-01 21:05:58.9202 INFO ReportProject.Api.Controllers.EmployeeController - Getting all employees
2025-04-01 21:05:58.9202 INFO ReportProject.Service.Service.EmployeeService - Starting to retrieve all employees.
2025-04-01 21:05:58.9202 INFO ReportProject.Service.Service.EmployeeService - Successfully retrieved 6 employees from the database.
2025-04-01 21:28:27.2189 INFO ReportProject.Api.Controllers.ReportController - Getting all reports
2025-04-01 21:28:27.2189 INFO ReportProject.Service.Service.ReportService - Attempting to retrieve all reports.
2025-04-01 21:28:28.7979 INFO ReportProject.Service.Service.ReportService - Successfully retrieved 3 reports.
2025-04-01 21:28:38.1557 INFO ReportProject.Api.Controllers.ReportController - Request received: GET /api/Report/12
2025-04-01 21:28:38.1557 INFO ReportProject.Service.Service.ReportService - Attempting to retrieve report with ID: 12
2025-04-01 21:28:38.3122 INFO ReportProject.Service.Service.ReportService - Successfully retrieved report with ID: 12.
